{"contracts\\TheiaCoin.sol":{"l":{"17":66,"18":66,"19":66,"23":13,"24":12,"28":4,"33":4,"38":2},"path":"D:\\0WORK\\Blockchain\\0THEIA\\token-contract\\contracts\\TheiaCoin.sol","s":{"1":66,"2":66,"3":66,"4":13,"5":12,"6":4,"7":4,"8":2},"b":{"1":[12,1]},"f":{"1":66,"2":13,"3":4,"4":4,"5":2},"fnMap":{"1":{"name":"initialize","line":16,"loc":{"start":{"line":16,"column":4},"end":{"line":20,"column":4}}},"2":{"name":"mint","line":22,"loc":{"start":{"line":22,"column":4},"end":{"line":25,"column":4}}},"3":{"name":"burn","line":27,"loc":{"start":{"line":27,"column":4},"end":{"line":29,"column":4}}},"4":{"name":"pause","line":32,"loc":{"start":{"line":32,"column":4},"end":{"line":34,"column":4}}},"5":{"name":"unpause","line":37,"loc":{"start":{"line":37,"column":4},"end":{"line":39,"column":4}}}},"statementMap":{"1":{"start":{"line":17,"column":8},"end":{"line":17,"column":40}},"2":{"start":{"line":18,"column":8},"end":{"line":18,"column":24}},"3":{"start":{"line":19,"column":8},"end":{"line":19,"column":23}},"4":{"start":{"line":23,"column":8},"end":{"line":23,"column":97}},"5":{"start":{"line":24,"column":8},"end":{"line":24,"column":29}},"6":{"start":{"line":28,"column":8},"end":{"line":28,"column":29}},"7":{"start":{"line":33,"column":8},"end":{"line":33,"column":15}},"8":{"start":{"line":38,"column":8},"end":{"line":38,"column":17}}},"branchMap":{"1":{"line":23,"type":"if","locations":[{"start":{"line":23,"column":8},"end":{"line":23,"column":8}},{"start":{"line":23,"column":8},"end":{"line":23,"column":8}}]}}}}